2015-07-28T13:59:04+02:00 [root] E:\workbench\xiaolaba\webserver\web\dalaba\application\controllers\user.php:27 User::login
2015-07-28T13:59:04+02:00 [root] E:\workbench\xiaolaba\webserver\web\dalaba\application\libraries\Utils.php:77 request_json = {
    "VERSION":"1.0.0",
    "REQUEST_TYPE":"LOGIN",
    "SESSION_KEY":"",
    "DATA":{
        "name":"chenyang",
        "password":"12345"
    }
}

2015-07-28T13:59:04+02:00 [root] E:\workbench\xiaolaba\webserver\web\dalaba\application\libraries\Utils.php:77 request_json = {
    "VERSION":"1.0.0",
    "REQUEST_TYPE":"LOGIN",
    "SESSION_KEY":"",
    "DATA":{
        "name":"chenyang",
        "password":"12345"
    }
}

2015-07-28T13:59:04+02:00 [root] E:\workbench\xiaolaba\webserver\web\dalaba\application\controllers\user.php:35 user_login_infor = {
    "VERSION":"1.0.0",
    "REQUEST_TYPE":"LOGIN",
    "SESSION_KEY":"",
    "DATA":{
        "name":"chenyang",
        "password":"12345"
    }
}

2015-07-28T13:59:04+02:00 [root] E:\workbench\xiaolaba\webserver\web\dalaba\application\controllers\user.php:38 dump user_infor_array:array(4) {
  ["VERSION"]=>
  string(5) "1.0.0"
  ["REQUEST_TYPE"]=>
  string(5) "LOGIN"
  ["SESSION_KEY"]=>
  string(0) ""
  ["DATA"]=>
  array(2) {
    ["name"]=>
    string(8) "chenyang"
    ["password"]=>
    string(5) "12345"
  }
}

2015-07-28T13:59:04+02:00 [root] E:\workbench\xiaolaba\webserver\web\dalaba\application\models\user_model.php:104 User_model::login
2015-07-28T13:59:04+02:00 [root] E:\workbench\xiaolaba\webserver\web\dalaba\application\models\user_model.php:114 sql = select * from user where name ='chenyang'
2015-07-28T13:59:04+02:00 [root] E:\workbench\xiaolaba\webserver\web\dalaba\application\models\user_model.php:125 res = object(mysqli_result)#43 (5) {
  ["current_field"]=>
  int(0)
  ["field_count"]=>
  int(10)
  ["lengths"]=>
  NULL
  ["num_rows"]=>
  int(1)
  ["type"]=>
  int(0)
}

2015-07-28T13:59:04+02:00 [root] E:\workbench\xiaolaba\webserver\web\dalaba\application\models\user_model.php:129 sql = select id from user where name ='chenyang' and password = '827ccb0eea8a706c4c34a16891f84e7b'
2015-07-28T13:59:04+02:00 [root] E:\workbench\xiaolaba\webserver\web\dalaba\application\models\user_model.php:142 set session[user_id] = 98
2015-07-28T13:59:04+02:00 [root] E:\workbench\xiaolaba\webserver\web\dalaba\application\models\user_model.php:145 res = object(mysqli_result)#45 (5) {
  ["current_field"]=>
  int(0)
  ["field_count"]=>
  int(1)
  ["lengths"]=>
  array(1) {
    [0]=>
    int(2)
  }
  ["num_rows"]=>
  int(1)
  ["type"]=>
  int(0)
}

2015-07-28T13:59:04+02:00 [root] E:\workbench\xiaolaba\webserver\web\dalaba\application\controllers\advertisement.php:15 Advertisement::create
2015-07-28T13:59:04+02:00 [root] E:\workbench\xiaolaba\webserver\web\dalaba\application\controllers\advertisement.php:16 array(1) {
  ["request_json"]=>
  string(339) "{
    "VERSION":"1.0.0",
    "REQUEST_TYPE":"CREATE_ADVERTISEMENT",
    "SESSION_KEY":"94e9e1bd4007c83d7ab96ecb8f2b2536",
    "DATA":{
        "image":"true",
        "type":"personal",
        "publish_position":"",
        "title" : "What a fucking day!",
        "text_content":"What a fucking day!",
        "fresh_content":""
    }
}
"
}

2015-07-28T13:59:04+02:00 [root] E:\workbench\xiaolaba\webserver\web\dalaba\application\libraries\Utils.php:77 request_json = {
    "VERSION":"1.0.0",
    "REQUEST_TYPE":"CREATE_ADVERTISEMENT",
    "SESSION_KEY":"94e9e1bd4007c83d7ab96ecb8f2b2536",
    "DATA":{
        "image":"true",
        "type":"personal",
        "publish_position":"",
        "title" : "What a fucking day!",
        "text_content":"What a fucking day!",
        "fresh_content":""
    }
}

2015-07-28T13:59:04+02:00 [root] E:\workbench\xiaolaba\webserver\web\dalaba\application\libraries\Utils.php:77 request_json = {
    "VERSION":"1.0.0",
    "REQUEST_TYPE":"CREATE_ADVERTISEMENT",
    "SESSION_KEY":"94e9e1bd4007c83d7ab96ecb8f2b2536",
    "DATA":{
        "image":"true",
        "type":"personal",
        "publish_position":"",
        "title" : "What a fucking day!",
        "text_content":"What a fucking day!",
        "fresh_content":""
    }
}

2015-07-28T13:59:04+02:00 [root] E:\workbench\xiaolaba\webserver\web\dalaba\application\controllers\advertisement.php:25 adv_infor = {
    "VERSION":"1.0.0",
    "REQUEST_TYPE":"CREATE_ADVERTISEMENT",
    "SESSION_KEY":"94e9e1bd4007c83d7ab96ecb8f2b2536",
    "DATA":{
        "image":"true",
        "type":"personal",
        "publish_position":"",
        "title" : "What a fucking day!",
        "text_content":"What a fucking day!",
        "fresh_content":""
    }
}

2015-07-28T13:59:04+02:00 [root] E:\workbench\xiaolaba\webserver\web\dalaba\application\controllers\advertisement.php:28 dump adv_infor_array:array(4) {
  ["VERSION"]=>
  string(5) "1.0.0"
  ["REQUEST_TYPE"]=>
  string(20) "CREATE_ADVERTISEMENT"
  ["SESSION_KEY"]=>
  string(32) "94e9e1bd4007c83d7ab96ecb8f2b2536"
  ["DATA"]=>
  array(6) {
    ["image"]=>
    string(4) "true"
    ["type"]=>
    string(8) "personal"
    ["publish_position"]=>
    string(0) ""
    ["title"]=>
    string(19) "What a fucking day!"
    ["text_content"]=>
    string(19) "What a fucking day!"
    ["fresh_content"]=>
    string(0) ""
  }
}

2015-07-28T13:59:04+02:00 [root] E:\workbench\xiaolaba\webserver\web\dalaba\application\controllers\advertisement.php:34 _FILES:array(1) {
  ["adv_img1"]=>
  array(5) {
    ["name"]=>
    string(8) "kobe.jpg"
    ["type"]=>
    string(24) "application/octet-stream"
    ["tmp_name"]=>
    string(36) "D:\programming\XAMMP\tmp\php2649.tmp"
    ["error"]=>
    int(0)
    ["size"]=>
    int(13064)
  }
}

2015-07-28T13:59:04+02:00 [root] E:\workbench\xiaolaba\webserver\web\dalaba\application\controllers\advertisement.php:89 dump file_path:array(4) {
  ["dirname"]=>
  string(1) "."
  ["basename"]=>
  string(8) "kobe.jpg"
  ["extension"]=>
  string(3) "jpg"
  ["filename"]=>
  string(4) "kobe"
}

2015-07-28T13:59:04+02:00 [root] E:\workbench\xiaolaba\webserver\web\dalaba\application\controllers\advertisement.php:91 dump file_path2:array(4) {
  ["dirname"]=>
  string(51) "E:\workbench\xiaolaba\webserver\web\dalaba\data\img"
  ["basename"]=>
  string(11) "adv26B7.tmp"
  ["extension"]=>
  string(3) "tmp"
  ["filename"]=>
  string(7) "adv26B7"
}

2015-07-28T13:59:04+02:00 [root] E:\workbench\xiaolaba\webserver\web\dalaba\application\controllers\advertisement.php:48 adv_infor_array[DATA][image]:string(20) "data/img/adv26B7.jpg"

2015-07-28T13:59:04+02:00 [root] E:\workbench\xiaolaba\webserver\web\dalaba\application\models\advertisement_model.php:14 Advertisement_model::create
2015-07-28T13:59:04+02:00 [root] E:\workbench\xiaolaba\webserver\web\dalaba\application\models\advertisement_model.php:36 sql = insert into advertisement(uid, type,publish_position, publish_time,title,text_content,fresh_content) values(98, 'personal', '','2015-07-28 13:59:04','What a fucking day!','What a fucking day!','')
2015-07-28T13:59:33+02:00 [root] E:\workbench\xiaolaba\webserver\web\dalaba\application\controllers\user.php:27 User::login
2015-07-28T13:59:33+02:00 [root] E:\workbench\xiaolaba\webserver\web\dalaba\application\libraries\Utils.php:77 request_json = {
    "VERSION":"1.0.0",
    "REQUEST_TYPE":"LOGIN",
    "SESSION_KEY":"",
    "DATA":{
        "name":"chenyang",
        "password":"12345"
    }
}

2015-07-28T13:59:33+02:00 [root] E:\workbench\xiaolaba\webserver\web\dalaba\application\libraries\Utils.php:77 request_json = {
    "VERSION":"1.0.0",
    "REQUEST_TYPE":"LOGIN",
    "SESSION_KEY":"",
    "DATA":{
        "name":"chenyang",
        "password":"12345"
    }
}

2015-07-28T13:59:33+02:00 [root] E:\workbench\xiaolaba\webserver\web\dalaba\application\controllers\user.php:35 user_login_infor = {
    "VERSION":"1.0.0",
    "REQUEST_TYPE":"LOGIN",
    "SESSION_KEY":"",
    "DATA":{
        "name":"chenyang",
        "password":"12345"
    }
}

2015-07-28T13:59:33+02:00 [root] E:\workbench\xiaolaba\webserver\web\dalaba\application\controllers\user.php:38 dump user_infor_array:array(4) {
  ["VERSION"]=>
  string(5) "1.0.0"
  ["REQUEST_TYPE"]=>
  string(5) "LOGIN"
  ["SESSION_KEY"]=>
  string(0) ""
  ["DATA"]=>
  array(2) {
    ["name"]=>
    string(8) "chenyang"
    ["password"]=>
    string(5) "12345"
  }
}

2015-07-28T13:59:33+02:00 [root] E:\workbench\xiaolaba\webserver\web\dalaba\application\models\user_model.php:104 User_model::login
2015-07-28T13:59:33+02:00 [root] E:\workbench\xiaolaba\webserver\web\dalaba\application\models\user_model.php:114 sql = select * from user where name ='chenyang'
2015-07-28T13:59:33+02:00 [root] E:\workbench\xiaolaba\webserver\web\dalaba\application\models\user_model.php:125 res = object(mysqli_result)#43 (5) {
  ["current_field"]=>
  int(0)
  ["field_count"]=>
  int(10)
  ["lengths"]=>
  NULL
  ["num_rows"]=>
  int(1)
  ["type"]=>
  int(0)
}

2015-07-28T13:59:33+02:00 [root] E:\workbench\xiaolaba\webserver\web\dalaba\application\models\user_model.php:129 sql = select id from user where name ='chenyang' and password = '827ccb0eea8a706c4c34a16891f84e7b'
2015-07-28T13:59:33+02:00 [root] E:\workbench\xiaolaba\webserver\web\dalaba\application\models\user_model.php:142 set session[user_id] = 98
2015-07-28T13:59:33+02:00 [root] E:\workbench\xiaolaba\webserver\web\dalaba\application\models\user_model.php:145 res = object(mysqli_result)#45 (5) {
  ["current_field"]=>
  int(0)
  ["field_count"]=>
  int(1)
  ["lengths"]=>
  array(1) {
    [0]=>
    int(2)
  }
  ["num_rows"]=>
  int(1)
  ["type"]=>
  int(0)
}

2015-07-28T13:59:33+02:00 [root] E:\workbench\xiaolaba\webserver\web\dalaba\application\controllers\advertisement.php:15 Advertisement::create
2015-07-28T13:59:33+02:00 [root] E:\workbench\xiaolaba\webserver\web\dalaba\application\controllers\advertisement.php:16 array(1) {
  ["request_json"]=>
  string(339) "{
    "VERSION":"1.0.0",
    "REQUEST_TYPE":"CREATE_ADVERTISEMENT",
    "SESSION_KEY":"94e9e1bd4007c83d7ab96ecb8f2b2536",
    "DATA":{
        "image":"true",
        "type":"personal",
        "publish_position":"",
        "title" : "What a fucking day!",
        "text_content":"What a fucking day!",
        "fresh_content":""
    }
}
"
}

2015-07-28T13:59:33+02:00 [root] E:\workbench\xiaolaba\webserver\web\dalaba\application\libraries\Utils.php:77 request_json = {
    "VERSION":"1.0.0",
    "REQUEST_TYPE":"CREATE_ADVERTISEMENT",
    "SESSION_KEY":"94e9e1bd4007c83d7ab96ecb8f2b2536",
    "DATA":{
        "image":"true",
        "type":"personal",
        "publish_position":"",
        "title" : "What a fucking day!",
        "text_content":"What a fucking day!",
        "fresh_content":""
    }
}

2015-07-28T13:59:33+02:00 [root] E:\workbench\xiaolaba\webserver\web\dalaba\application\libraries\Utils.php:77 request_json = {
    "VERSION":"1.0.0",
    "REQUEST_TYPE":"CREATE_ADVERTISEMENT",
    "SESSION_KEY":"94e9e1bd4007c83d7ab96ecb8f2b2536",
    "DATA":{
        "image":"true",
        "type":"personal",
        "publish_position":"",
        "title" : "What a fucking day!",
        "text_content":"What a fucking day!",
        "fresh_content":""
    }
}

2015-07-28T13:59:33+02:00 [root] E:\workbench\xiaolaba\webserver\web\dalaba\application\controllers\advertisement.php:25 adv_infor = {
    "VERSION":"1.0.0",
    "REQUEST_TYPE":"CREATE_ADVERTISEMENT",
    "SESSION_KEY":"94e9e1bd4007c83d7ab96ecb8f2b2536",
    "DATA":{
        "image":"true",
        "type":"personal",
        "publish_position":"",
        "title" : "What a fucking day!",
        "text_content":"What a fucking day!",
        "fresh_content":""
    }
}

2015-07-28T13:59:33+02:00 [root] E:\workbench\xiaolaba\webserver\web\dalaba\application\controllers\advertisement.php:28 dump adv_infor_array:array(4) {
  ["VERSION"]=>
  string(5) "1.0.0"
  ["REQUEST_TYPE"]=>
  string(20) "CREATE_ADVERTISEMENT"
  ["SESSION_KEY"]=>
  string(32) "94e9e1bd4007c83d7ab96ecb8f2b2536"
  ["DATA"]=>
  array(6) {
    ["image"]=>
    string(4) "true"
    ["type"]=>
    string(8) "personal"
    ["publish_position"]=>
    string(0) ""
    ["title"]=>
    string(19) "What a fucking day!"
    ["text_content"]=>
    string(19) "What a fucking day!"
    ["fresh_content"]=>
    string(0) ""
  }
}

2015-07-28T13:59:33+02:00 [root] E:\workbench\xiaolaba\webserver\web\dalaba\application\controllers\advertisement.php:34 _FILES:array(1) {
  ["adv_img1"]=>
  array(5) {
    ["name"]=>
    string(8) "kobe.jpg"
    ["type"]=>
    string(24) "application/octet-stream"
    ["tmp_name"]=>
    string(36) "D:\programming\XAMMP\tmp\php9996.tmp"
    ["error"]=>
    int(0)
    ["size"]=>
    int(13064)
  }
}

2015-07-28T13:59:33+02:00 [root] E:\workbench\xiaolaba\webserver\web\dalaba\application\controllers\advertisement.php:89 dump file_path:array(4) {
  ["dirname"]=>
  string(1) "."
  ["basename"]=>
  string(8) "kobe.jpg"
  ["extension"]=>
  string(3) "jpg"
  ["filename"]=>
  string(4) "kobe"
}

2015-07-28T13:59:33+02:00 [root] E:\workbench\xiaolaba\webserver\web\dalaba\application\controllers\advertisement.php:91 dump file_path2:array(4) {
  ["dirname"]=>
  string(51) "E:\workbench\xiaolaba\webserver\web\dalaba\data\img"
  ["basename"]=>
  string(11) "adv99F5.tmp"
  ["extension"]=>
  string(3) "tmp"
  ["filename"]=>
  string(7) "adv99F5"
}

2015-07-28T13:59:33+02:00 [root] E:\workbench\xiaolaba\webserver\web\dalaba\application\controllers\advertisement.php:48 adv_infor_array[DATA][image]:string(20) "data/img/adv99F5.jpg"

2015-07-28T13:59:33+02:00 [root] E:\workbench\xiaolaba\webserver\web\dalaba\application\models\advertisement_model.php:14 Advertisement_model::create
2015-07-28T13:59:33+02:00 [root] E:\workbench\xiaolaba\webserver\web\dalaba\application\models\advertisement_model.php:36 sql = insert into advertisement(uid, type,publish_position, publish_time,title,text_content,fresh_content) values(98, 'personal', '','2015-07-28 13:59:33','What a fucking day!','What a fucking day!','')
2015-07-28T14:01:52+02:00 [root] E:\workbench\xiaolaba\webserver\web\dalaba\application\controllers\user.php:27 User::login
2015-07-28T14:01:52+02:00 [root] E:\workbench\xiaolaba\webserver\web\dalaba\application\libraries\Utils.php:77 request_json = {
    "VERSION":"1.0.0",
    "REQUEST_TYPE":"LOGIN",
    "SESSION_KEY":"",
    "DATA":{
        "name":"chenyang",
        "password":"12345"
    }
}

2015-07-28T14:01:52+02:00 [root] E:\workbench\xiaolaba\webserver\web\dalaba\application\libraries\Utils.php:77 request_json = {
    "VERSION":"1.0.0",
    "REQUEST_TYPE":"LOGIN",
    "SESSION_KEY":"",
    "DATA":{
        "name":"chenyang",
        "password":"12345"
    }
}

2015-07-28T14:01:52+02:00 [root] E:\workbench\xiaolaba\webserver\web\dalaba\application\controllers\user.php:35 user_login_infor = {
    "VERSION":"1.0.0",
    "REQUEST_TYPE":"LOGIN",
    "SESSION_KEY":"",
    "DATA":{
        "name":"chenyang",
        "password":"12345"
    }
}

2015-07-28T14:01:52+02:00 [root] E:\workbench\xiaolaba\webserver\web\dalaba\application\controllers\user.php:38 dump user_infor_array:array(4) {
  ["VERSION"]=>
  string(5) "1.0.0"
  ["REQUEST_TYPE"]=>
  string(5) "LOGIN"
  ["SESSION_KEY"]=>
  string(0) ""
  ["DATA"]=>
  array(2) {
    ["name"]=>
    string(8) "chenyang"
    ["password"]=>
    string(5) "12345"
  }
}

2015-07-28T14:01:52+02:00 [root] E:\workbench\xiaolaba\webserver\web\dalaba\application\models\user_model.php:104 User_model::login
2015-07-28T14:01:52+02:00 [root] E:\workbench\xiaolaba\webserver\web\dalaba\application\models\user_model.php:114 sql = select * from user where name ='chenyang'
2015-07-28T14:01:52+02:00 [root] E:\workbench\xiaolaba\webserver\web\dalaba\application\models\user_model.php:125 res = object(mysqli_result)#43 (5) {
  ["current_field"]=>
  int(0)
  ["field_count"]=>
  int(10)
  ["lengths"]=>
  NULL
  ["num_rows"]=>
  int(1)
  ["type"]=>
  int(0)
}

2015-07-28T14:01:52+02:00 [root] E:\workbench\xiaolaba\webserver\web\dalaba\application\models\user_model.php:129 sql = select id from user where name ='chenyang' and password = '827ccb0eea8a706c4c34a16891f84e7b'
2015-07-28T14:01:52+02:00 [root] E:\workbench\xiaolaba\webserver\web\dalaba\application\models\user_model.php:142 set session[user_id] = 98
2015-07-28T14:01:52+02:00 [root] E:\workbench\xiaolaba\webserver\web\dalaba\application\models\user_model.php:145 res = object(mysqli_result)#45 (5) {
  ["current_field"]=>
  int(0)
  ["field_count"]=>
  int(1)
  ["lengths"]=>
  array(1) {
    [0]=>
    int(2)
  }
  ["num_rows"]=>
  int(1)
  ["type"]=>
  int(0)
}

2015-07-28T14:01:52+02:00 [root] E:\workbench\xiaolaba\webserver\web\dalaba\application\controllers\advertisement.php:15 Advertisement::create
2015-07-28T14:01:52+02:00 [root] E:\workbench\xiaolaba\webserver\web\dalaba\application\controllers\advertisement.php:16 array(1) {
  ["request_json"]=>
  string(339) "{
    "VERSION":"1.0.0",
    "REQUEST_TYPE":"CREATE_ADVERTISEMENT",
    "SESSION_KEY":"94e9e1bd4007c83d7ab96ecb8f2b2536",
    "DATA":{
        "image":"true",
        "type":"personal",
        "publish_position":"",
        "title" : "What a fucking day!",
        "text_content":"What a fucking day!",
        "fresh_content":""
    }
}
"
}

2015-07-28T14:01:52+02:00 [root] E:\workbench\xiaolaba\webserver\web\dalaba\application\libraries\Utils.php:77 request_json = {
    "VERSION":"1.0.0",
    "REQUEST_TYPE":"CREATE_ADVERTISEMENT",
    "SESSION_KEY":"94e9e1bd4007c83d7ab96ecb8f2b2536",
    "DATA":{
        "image":"true",
        "type":"personal",
        "publish_position":"",
        "title" : "What a fucking day!",
        "text_content":"What a fucking day!",
        "fresh_content":""
    }
}

2015-07-28T14:01:52+02:00 [root] E:\workbench\xiaolaba\webserver\web\dalaba\application\libraries\Utils.php:77 request_json = {
    "VERSION":"1.0.0",
    "REQUEST_TYPE":"CREATE_ADVERTISEMENT",
    "SESSION_KEY":"94e9e1bd4007c83d7ab96ecb8f2b2536",
    "DATA":{
        "image":"true",
        "type":"personal",
        "publish_position":"",
        "title" : "What a fucking day!",
        "text_content":"What a fucking day!",
        "fresh_content":""
    }
}

2015-07-28T14:01:52+02:00 [root] E:\workbench\xiaolaba\webserver\web\dalaba\application\controllers\advertisement.php:25 adv_infor = {
    "VERSION":"1.0.0",
    "REQUEST_TYPE":"CREATE_ADVERTISEMENT",
    "SESSION_KEY":"94e9e1bd4007c83d7ab96ecb8f2b2536",
    "DATA":{
        "image":"true",
        "type":"personal",
        "publish_position":"",
        "title" : "What a fucking day!",
        "text_content":"What a fucking day!",
        "fresh_content":""
    }
}

2015-07-28T14:01:52+02:00 [root] E:\workbench\xiaolaba\webserver\web\dalaba\application\controllers\advertisement.php:28 dump adv_infor_array:array(4) {
  ["VERSION"]=>
  string(5) "1.0.0"
  ["REQUEST_TYPE"]=>
  string(20) "CREATE_ADVERTISEMENT"
  ["SESSION_KEY"]=>
  string(32) "94e9e1bd4007c83d7ab96ecb8f2b2536"
  ["DATA"]=>
  array(6) {
    ["image"]=>
    string(4) "true"
    ["type"]=>
    string(8) "personal"
    ["publish_position"]=>
    string(0) ""
    ["title"]=>
    string(19) "What a fucking day!"
    ["text_content"]=>
    string(19) "What a fucking day!"
    ["fresh_content"]=>
    string(0) ""
  }
}

2015-07-28T14:01:52+02:00 [root] E:\workbench\xiaolaba\webserver\web\dalaba\application\controllers\advertisement.php:34 _FILES:array(1) {
  ["adv_img1"]=>
  array(5) {
    ["name"]=>
    string(8) "kobe.jpg"
    ["type"]=>
    string(24) "application/octet-stream"
    ["tmp_name"]=>
    string(36) "D:\programming\XAMMP\tmp\phpB62C.tmp"
    ["error"]=>
    int(0)
    ["size"]=>
    int(13064)
  }
}

2015-07-28T14:01:52+02:00 [root] E:\workbench\xiaolaba\webserver\web\dalaba\application\controllers\advertisement.php:89 dump file_path:array(4) {
  ["dirname"]=>
  string(1) "."
  ["basename"]=>
  string(8) "kobe.jpg"
  ["extension"]=>
  string(3) "jpg"
  ["filename"]=>
  string(4) "kobe"
}

2015-07-28T14:01:52+02:00 [root] E:\workbench\xiaolaba\webserver\web\dalaba\application\controllers\advertisement.php:92 dump file_path2:string(1) "/"

2015-07-28T14:01:52+02:00 [root] E:\workbench\xiaolaba\webserver\web\dalaba\application\controllers\advertisement.php:101 move_uploaded_file file failed
2015-07-28T14:05:24+02:00 [root] E:\workbench\xiaolaba\webserver\web\dalaba\application\controllers\user.php:27 User::login
2015-07-28T14:05:24+02:00 [root] E:\workbench\xiaolaba\webserver\web\dalaba\application\libraries\Utils.php:77 request_json = {
    "VERSION":"1.0.0",
    "REQUEST_TYPE":"LOGIN",
    "SESSION_KEY":"",
    "DATA":{
        "name":"chenyang",
        "password":"12345"
    }
}

2015-07-28T14:05:24+02:00 [root] E:\workbench\xiaolaba\webserver\web\dalaba\application\libraries\Utils.php:77 request_json = {
    "VERSION":"1.0.0",
    "REQUEST_TYPE":"LOGIN",
    "SESSION_KEY":"",
    "DATA":{
        "name":"chenyang",
        "password":"12345"
    }
}

2015-07-28T14:05:24+02:00 [root] E:\workbench\xiaolaba\webserver\web\dalaba\application\controllers\user.php:35 user_login_infor = {
    "VERSION":"1.0.0",
    "REQUEST_TYPE":"LOGIN",
    "SESSION_KEY":"",
    "DATA":{
        "name":"chenyang",
        "password":"12345"
    }
}

2015-07-28T14:05:24+02:00 [root] E:\workbench\xiaolaba\webserver\web\dalaba\application\controllers\user.php:38 dump user_infor_array:array(4) {
  ["VERSION"]=>
  string(5) "1.0.0"
  ["REQUEST_TYPE"]=>
  string(5) "LOGIN"
  ["SESSION_KEY"]=>
  string(0) ""
  ["DATA"]=>
  array(2) {
    ["name"]=>
    string(8) "chenyang"
    ["password"]=>
    string(5) "12345"
  }
}

2015-07-28T14:05:24+02:00 [root] E:\workbench\xiaolaba\webserver\web\dalaba\application\models\user_model.php:104 User_model::login
2015-07-28T14:05:24+02:00 [root] E:\workbench\xiaolaba\webserver\web\dalaba\application\models\user_model.php:114 sql = select * from user where name ='chenyang'
2015-07-28T14:05:24+02:00 [root] E:\workbench\xiaolaba\webserver\web\dalaba\application\models\user_model.php:125 res = object(mysqli_result)#43 (5) {
  ["current_field"]=>
  int(0)
  ["field_count"]=>
  int(10)
  ["lengths"]=>
  NULL
  ["num_rows"]=>
  int(1)
  ["type"]=>
  int(0)
}

2015-07-28T14:05:24+02:00 [root] E:\workbench\xiaolaba\webserver\web\dalaba\application\models\user_model.php:129 sql = select id from user where name ='chenyang' and password = '827ccb0eea8a706c4c34a16891f84e7b'
2015-07-28T14:05:24+02:00 [root] E:\workbench\xiaolaba\webserver\web\dalaba\application\models\user_model.php:142 set session[user_id] = 98
2015-07-28T14:05:24+02:00 [root] E:\workbench\xiaolaba\webserver\web\dalaba\application\models\user_model.php:145 res = object(mysqli_result)#45 (5) {
  ["current_field"]=>
  int(0)
  ["field_count"]=>
  int(1)
  ["lengths"]=>
  array(1) {
    [0]=>
    int(2)
  }
  ["num_rows"]=>
  int(1)
  ["type"]=>
  int(0)
}

2015-07-28T14:05:24+02:00 [root] E:\workbench\xiaolaba\webserver\web\dalaba\application\controllers\advertisement.php:15 Advertisement::create
2015-07-28T14:05:24+02:00 [root] E:\workbench\xiaolaba\webserver\web\dalaba\application\controllers\advertisement.php:16 array(1) {
  ["request_json"]=>
  string(339) "{
    "VERSION":"1.0.0",
    "REQUEST_TYPE":"CREATE_ADVERTISEMENT",
    "SESSION_KEY":"94e9e1bd4007c83d7ab96ecb8f2b2536",
    "DATA":{
        "image":"true",
        "type":"personal",
        "publish_position":"",
        "title" : "What a fucking day!",
        "text_content":"What a fucking day!",
        "fresh_content":""
    }
}
"
}

2015-07-28T14:05:24+02:00 [root] E:\workbench\xiaolaba\webserver\web\dalaba\application\libraries\Utils.php:77 request_json = {
    "VERSION":"1.0.0",
    "REQUEST_TYPE":"CREATE_ADVERTISEMENT",
    "SESSION_KEY":"94e9e1bd4007c83d7ab96ecb8f2b2536",
    "DATA":{
        "image":"true",
        "type":"personal",
        "publish_position":"",
        "title" : "What a fucking day!",
        "text_content":"What a fucking day!",
        "fresh_content":""
    }
}

2015-07-28T14:05:24+02:00 [root] E:\workbench\xiaolaba\webserver\web\dalaba\application\libraries\Utils.php:77 request_json = {
    "VERSION":"1.0.0",
    "REQUEST_TYPE":"CREATE_ADVERTISEMENT",
    "SESSION_KEY":"94e9e1bd4007c83d7ab96ecb8f2b2536",
    "DATA":{
        "image":"true",
        "type":"personal",
        "publish_position":"",
        "title" : "What a fucking day!",
        "text_content":"What a fucking day!",
        "fresh_content":""
    }
}

2015-07-28T14:05:24+02:00 [root] E:\workbench\xiaolaba\webserver\web\dalaba\application\controllers\advertisement.php:25 adv_infor = {
    "VERSION":"1.0.0",
    "REQUEST_TYPE":"CREATE_ADVERTISEMENT",
    "SESSION_KEY":"94e9e1bd4007c83d7ab96ecb8f2b2536",
    "DATA":{
        "image":"true",
        "type":"personal",
        "publish_position":"",
        "title" : "What a fucking day!",
        "text_content":"What a fucking day!",
        "fresh_content":""
    }
}

2015-07-28T14:05:24+02:00 [root] E:\workbench\xiaolaba\webserver\web\dalaba\application\controllers\advertisement.php:28 dump adv_infor_array:array(4) {
  ["VERSION"]=>
  string(5) "1.0.0"
  ["REQUEST_TYPE"]=>
  string(20) "CREATE_ADVERTISEMENT"
  ["SESSION_KEY"]=>
  string(32) "94e9e1bd4007c83d7ab96ecb8f2b2536"
  ["DATA"]=>
  array(6) {
    ["image"]=>
    string(4) "true"
    ["type"]=>
    string(8) "personal"
    ["publish_position"]=>
    string(0) ""
    ["title"]=>
    string(19) "What a fucking day!"
    ["text_content"]=>
    string(19) "What a fucking day!"
    ["fresh_content"]=>
    string(0) ""
  }
}

2015-07-28T14:05:24+02:00 [root] E:\workbench\xiaolaba\webserver\web\dalaba\application\controllers\advertisement.php:34 _FILES:array(1) {
  ["adv_img1"]=>
  array(5) {
    ["name"]=>
    string(8) "kobe.jpg"
    ["type"]=>
    string(24) "application/octet-stream"
    ["tmp_name"]=>
    string(36) "D:\programming\XAMMP\tmp\phpF37C.tmp"
    ["error"]=>
    int(0)
    ["size"]=>
    int(13064)
  }
}

2015-07-28T14:05:24+02:00 [root] E:\workbench\xiaolaba\webserver\web\dalaba\application\controllers\advertisement.php:89 dump file_path:array(4) {
  ["dirname"]=>
  string(1) "."
  ["basename"]=>
  string(8) "kobe.jpg"
  ["extension"]=>
  string(3) "jpg"
  ["filename"]=>
  string(4) "kobe"
}

2015-07-28T14:05:24+02:00 [root] E:\workbench\xiaolaba\webserver\web\dalaba\application\controllers\advertisement.php:91 dump file_path2:array(4) {
  ["dirname"]=>
  string(51) "E:\workbench\xiaolaba\webserver\web\dalaba\data\img"
  ["basename"]=>
  string(11) "advF3DB.tmp"
  ["extension"]=>
  string(3) "tmp"
  ["filename"]=>
  string(7) "advF3DB"
}

2015-07-28T14:05:24+02:00 [root] E:\workbench\xiaolaba\webserver\web\dalaba\application\controllers\advertisement.php:93 dump file_path2:string(1) "/"

2015-07-28T14:05:24+02:00 [root] E:\workbench\xiaolaba\webserver\web\dalaba\application\controllers\advertisement.php:102 move_uploaded_file file failed
2015-07-28T16:02:25+02:00 [root] E:\workbench\xiaolaba\webserver\web\dalaba\application\controllers\user.php:27 User::login
2015-07-28T16:02:25+02:00 [root] E:\workbench\xiaolaba\webserver\web\dalaba\application\libraries\Utils.php:77 request_json = {
    "VERSION":"1.0.0",
    "REQUEST_TYPE":"LOGIN",
    "SESSION_KEY":"",
    "DATA":{
        "name":"chenyang",
        "password":"12345"
    }
}

2015-07-28T16:02:25+02:00 [root] E:\workbench\xiaolaba\webserver\web\dalaba\application\libraries\Utils.php:77 request_json = {
    "VERSION":"1.0.0",
    "REQUEST_TYPE":"LOGIN",
    "SESSION_KEY":"",
    "DATA":{
        "name":"chenyang",
        "password":"12345"
    }
}

2015-07-28T16:02:25+02:00 [root] E:\workbench\xiaolaba\webserver\web\dalaba\application\controllers\user.php:35 user_login_infor = {
    "VERSION":"1.0.0",
    "REQUEST_TYPE":"LOGIN",
    "SESSION_KEY":"",
    "DATA":{
        "name":"chenyang",
        "password":"12345"
    }
}

2015-07-28T16:02:25+02:00 [root] E:\workbench\xiaolaba\webserver\web\dalaba\application\controllers\user.php:38 dump user_infor_array:array(4) {
  ["VERSION"]=>
  string(5) "1.0.0"
  ["REQUEST_TYPE"]=>
  string(5) "LOGIN"
  ["SESSION_KEY"]=>
  string(0) ""
  ["DATA"]=>
  array(2) {
    ["name"]=>
    string(8) "chenyang"
    ["password"]=>
    string(5) "12345"
  }
}

2015-07-28T16:02:25+02:00 [root] E:\workbench\xiaolaba\webserver\web\dalaba\application\models\user_model.php:104 User_model::login
2015-07-28T16:02:25+02:00 [root] E:\workbench\xiaolaba\webserver\web\dalaba\application\models\user_model.php:114 sql = select * from user where name ='chenyang'
2015-07-28T16:02:25+02:00 [root] E:\workbench\xiaolaba\webserver\web\dalaba\application\models\user_model.php:125 res = object(mysqli_result)#43 (5) {
  ["current_field"]=>
  int(0)
  ["field_count"]=>
  int(10)
  ["lengths"]=>
  NULL
  ["num_rows"]=>
  int(1)
  ["type"]=>
  int(0)
}

2015-07-28T16:02:25+02:00 [root] E:\workbench\xiaolaba\webserver\web\dalaba\application\models\user_model.php:129 sql = select id from user where name ='chenyang' and password = '827ccb0eea8a706c4c34a16891f84e7b'
2015-07-28T16:02:25+02:00 [root] E:\workbench\xiaolaba\webserver\web\dalaba\application\models\user_model.php:142 set session[user_id] = 98
2015-07-28T16:02:25+02:00 [root] E:\workbench\xiaolaba\webserver\web\dalaba\application\models\user_model.php:145 res = object(mysqli_result)#45 (5) {
  ["current_field"]=>
  int(0)
  ["field_count"]=>
  int(1)
  ["lengths"]=>
  array(1) {
    [0]=>
    int(2)
  }
  ["num_rows"]=>
  int(1)
  ["type"]=>
  int(0)
}

2015-07-28T16:02:25+02:00 [root] E:\workbench\xiaolaba\webserver\web\dalaba\application\controllers\advertisement.php:15 Advertisement::create
2015-07-28T16:02:25+02:00 [root] E:\workbench\xiaolaba\webserver\web\dalaba\application\controllers\advertisement.php:16 array(1) {
  ["request_json"]=>
  string(339) "{
    "VERSION":"1.0.0",
    "REQUEST_TYPE":"CREATE_ADVERTISEMENT",
    "SESSION_KEY":"94e9e1bd4007c83d7ab96ecb8f2b2536",
    "DATA":{
        "image":"true",
        "type":"personal",
        "publish_position":"",
        "title" : "What a fucking day!",
        "text_content":"What a fucking day!",
        "fresh_content":""
    }
}
"
}

2015-07-28T16:02:25+02:00 [root] E:\workbench\xiaolaba\webserver\web\dalaba\application\libraries\Utils.php:77 request_json = {
    "VERSION":"1.0.0",
    "REQUEST_TYPE":"CREATE_ADVERTISEMENT",
    "SESSION_KEY":"94e9e1bd4007c83d7ab96ecb8f2b2536",
    "DATA":{
        "image":"true",
        "type":"personal",
        "publish_position":"",
        "title" : "What a fucking day!",
        "text_content":"What a fucking day!",
        "fresh_content":""
    }
}

2015-07-28T16:02:25+02:00 [root] E:\workbench\xiaolaba\webserver\web\dalaba\application\libraries\Utils.php:77 request_json = {
    "VERSION":"1.0.0",
    "REQUEST_TYPE":"CREATE_ADVERTISEMENT",
    "SESSION_KEY":"94e9e1bd4007c83d7ab96ecb8f2b2536",
    "DATA":{
        "image":"true",
        "type":"personal",
        "publish_position":"",
        "title" : "What a fucking day!",
        "text_content":"What a fucking day!",
        "fresh_content":""
    }
}

2015-07-28T16:02:25+02:00 [root] E:\workbench\xiaolaba\webserver\web\dalaba\application\controllers\advertisement.php:25 adv_infor = {
    "VERSION":"1.0.0",
    "REQUEST_TYPE":"CREATE_ADVERTISEMENT",
    "SESSION_KEY":"94e9e1bd4007c83d7ab96ecb8f2b2536",
    "DATA":{
        "image":"true",
        "type":"personal",
        "publish_position":"",
        "title" : "What a fucking day!",
        "text_content":"What a fucking day!",
        "fresh_content":""
    }
}

2015-07-28T16:02:25+02:00 [root] E:\workbench\xiaolaba\webserver\web\dalaba\application\controllers\advertisement.php:28 dump adv_infor_array:array(4) {
  ["VERSION"]=>
  string(5) "1.0.0"
  ["REQUEST_TYPE"]=>
  string(20) "CREATE_ADVERTISEMENT"
  ["SESSION_KEY"]=>
  string(32) "94e9e1bd4007c83d7ab96ecb8f2b2536"
  ["DATA"]=>
  array(6) {
    ["image"]=>
    string(4) "true"
    ["type"]=>
    string(8) "personal"
    ["publish_position"]=>
    string(0) ""
    ["title"]=>
    string(19) "What a fucking day!"
    ["text_content"]=>
    string(19) "What a fucking day!"
    ["fresh_content"]=>
    string(0) ""
  }
}

2015-07-28T16:02:25+02:00 [root] E:\workbench\xiaolaba\webserver\web\dalaba\application\controllers\advertisement.php:34 _FILES:array(1) {
  ["adv_img1"]=>
  array(5) {
    ["name"]=>
    string(8) "kobe.jpg"
    ["type"]=>
    string(24) "application/octet-stream"
    ["tmp_name"]=>
    string(36) "D:\programming\XAMMP\tmp\php1552.tmp"
    ["error"]=>
    int(0)
    ["size"]=>
    int(13064)
  }
}

2015-07-28T16:02:25+02:00 [root] E:\workbench\xiaolaba\webserver\web\dalaba\application\controllers\advertisement.php:89 dump file_path:array(4) {
  ["dirname"]=>
  string(1) "."
  ["basename"]=>
  string(8) "kobe.jpg"
  ["extension"]=>
  string(3) "jpg"
  ["filename"]=>
  string(4) "kobe"
}

2015-07-28T16:02:25+02:00 [root] E:\workbench\xiaolaba\webserver\web\dalaba\application\controllers\advertisement.php:91 dump file_path2:array(4) {
  ["dirname"]=>
  string(51) "E:\workbench\xiaolaba\webserver\web\dalaba\data\img"
  ["basename"]=>
  string(11) "adv15C1.tmp"
  ["extension"]=>
  string(3) "tmp"
  ["filename"]=>
  string(7) "adv15C1"
}

2015-07-28T16:02:25+02:00 [root] E:\workbench\xiaolaba\webserver\web\dalaba\application\controllers\advertisement.php:93 dump file_path2:string(1) "/"

2015-07-28T16:02:25+02:00 [root] E:\workbench\xiaolaba\webserver\web\dalaba\application\controllers\advertisement.php:102 move_uploaded_file file failed
2015-07-28T16:05:30+02:00 [root] E:\workbench\xiaolaba\webserver\web\dalaba\application\controllers\user.php:27 User::login
2015-07-28T16:05:30+02:00 [root] E:\workbench\xiaolaba\webserver\web\dalaba\application\libraries\Utils.php:77 request_json = {
    "VERSION":"1.0.0",
    "REQUEST_TYPE":"LOGIN",
    "SESSION_KEY":"",
    "DATA":{
        "name":"chenyang",
        "password":"12345"
    }
}

2015-07-28T16:05:30+02:00 [root] E:\workbench\xiaolaba\webserver\web\dalaba\application\libraries\Utils.php:77 request_json = {
    "VERSION":"1.0.0",
    "REQUEST_TYPE":"LOGIN",
    "SESSION_KEY":"",
    "DATA":{
        "name":"chenyang",
        "password":"12345"
    }
}

2015-07-28T16:05:30+02:00 [root] E:\workbench\xiaolaba\webserver\web\dalaba\application\controllers\user.php:35 user_login_infor = {
    "VERSION":"1.0.0",
    "REQUEST_TYPE":"LOGIN",
    "SESSION_KEY":"",
    "DATA":{
        "name":"chenyang",
        "password":"12345"
    }
}

2015-07-28T16:05:30+02:00 [root] E:\workbench\xiaolaba\webserver\web\dalaba\application\controllers\user.php:38 dump user_infor_array:array(4) {
  ["VERSION"]=>
  string(5) "1.0.0"
  ["REQUEST_TYPE"]=>
  string(5) "LOGIN"
  ["SESSION_KEY"]=>
  string(0) ""
  ["DATA"]=>
  array(2) {
    ["name"]=>
    string(8) "chenyang"
    ["password"]=>
    string(5) "12345"
  }
}

2015-07-28T16:05:30+02:00 [root] E:\workbench\xiaolaba\webserver\web\dalaba\application\models\user_model.php:104 User_model::login
2015-07-28T16:05:30+02:00 [root] E:\workbench\xiaolaba\webserver\web\dalaba\application\models\user_model.php:114 sql = select * from user where name ='chenyang'
2015-07-28T16:05:30+02:00 [root] E:\workbench\xiaolaba\webserver\web\dalaba\application\models\user_model.php:125 res = object(mysqli_result)#43 (5) {
  ["current_field"]=>
  int(0)
  ["field_count"]=>
  int(10)
  ["lengths"]=>
  NULL
  ["num_rows"]=>
  int(1)
  ["type"]=>
  int(0)
}

2015-07-28T16:05:30+02:00 [root] E:\workbench\xiaolaba\webserver\web\dalaba\application\models\user_model.php:129 sql = select id from user where name ='chenyang' and password = '827ccb0eea8a706c4c34a16891f84e7b'
2015-07-28T16:05:30+02:00 [root] E:\workbench\xiaolaba\webserver\web\dalaba\application\models\user_model.php:142 set session[user_id] = 98
2015-07-28T16:05:30+02:00 [root] E:\workbench\xiaolaba\webserver\web\dalaba\application\models\user_model.php:145 res = object(mysqli_result)#45 (5) {
  ["current_field"]=>
  int(0)
  ["field_count"]=>
  int(1)
  ["lengths"]=>
  array(1) {
    [0]=>
    int(2)
  }
  ["num_rows"]=>
  int(1)
  ["type"]=>
  int(0)
}

2015-07-28T16:05:30+02:00 [root] E:\workbench\xiaolaba\webserver\web\dalaba\application\controllers\advertisement.php:15 Advertisement::create
2015-07-28T16:05:30+02:00 [root] E:\workbench\xiaolaba\webserver\web\dalaba\application\controllers\advertisement.php:16 array(1) {
  ["request_json"]=>
  string(339) "{
    "VERSION":"1.0.0",
    "REQUEST_TYPE":"CREATE_ADVERTISEMENT",
    "SESSION_KEY":"94e9e1bd4007c83d7ab96ecb8f2b2536",
    "DATA":{
        "image":"true",
        "type":"personal",
        "publish_position":"",
        "title" : "What a fucking day!",
        "text_content":"What a fucking day!",
        "fresh_content":""
    }
}
"
}

2015-07-28T16:05:30+02:00 [root] E:\workbench\xiaolaba\webserver\web\dalaba\application\libraries\Utils.php:77 request_json = {
    "VERSION":"1.0.0",
    "REQUEST_TYPE":"CREATE_ADVERTISEMENT",
    "SESSION_KEY":"94e9e1bd4007c83d7ab96ecb8f2b2536",
    "DATA":{
        "image":"true",
        "type":"personal",
        "publish_position":"",
        "title" : "What a fucking day!",
        "text_content":"What a fucking day!",
        "fresh_content":""
    }
}

2015-07-28T16:05:30+02:00 [root] E:\workbench\xiaolaba\webserver\web\dalaba\application\libraries\Utils.php:77 request_json = {
    "VERSION":"1.0.0",
    "REQUEST_TYPE":"CREATE_ADVERTISEMENT",
    "SESSION_KEY":"94e9e1bd4007c83d7ab96ecb8f2b2536",
    "DATA":{
        "image":"true",
        "type":"personal",
        "publish_position":"",
        "title" : "What a fucking day!",
        "text_content":"What a fucking day!",
        "fresh_content":""
    }
}

2015-07-28T16:05:30+02:00 [root] E:\workbench\xiaolaba\webserver\web\dalaba\application\controllers\advertisement.php:25 adv_infor = {
    "VERSION":"1.0.0",
    "REQUEST_TYPE":"CREATE_ADVERTISEMENT",
    "SESSION_KEY":"94e9e1bd4007c83d7ab96ecb8f2b2536",
    "DATA":{
        "image":"true",
        "type":"personal",
        "publish_position":"",
        "title" : "What a fucking day!",
        "text_content":"What a fucking day!",
        "fresh_content":""
    }
}

2015-07-28T16:05:30+02:00 [root] E:\workbench\xiaolaba\webserver\web\dalaba\application\controllers\advertisement.php:28 dump adv_infor_array:array(4) {
  ["VERSION"]=>
  string(5) "1.0.0"
  ["REQUEST_TYPE"]=>
  string(20) "CREATE_ADVERTISEMENT"
  ["SESSION_KEY"]=>
  string(32) "94e9e1bd4007c83d7ab96ecb8f2b2536"
  ["DATA"]=>
  array(6) {
    ["image"]=>
    string(4) "true"
    ["type"]=>
    string(8) "personal"
    ["publish_position"]=>
    string(0) ""
    ["title"]=>
    string(19) "What a fucking day!"
    ["text_content"]=>
    string(19) "What a fucking day!"
    ["fresh_content"]=>
    string(0) ""
  }
}

2015-07-28T16:05:30+02:00 [root] E:\workbench\xiaolaba\webserver\web\dalaba\application\controllers\advertisement.php:34 _FILES:array(1) {
  ["adv_img1"]=>
  array(5) {
    ["name"]=>
    string(8) "kobe.jpg"
    ["type"]=>
    string(24) "application/octet-stream"
    ["tmp_name"]=>
    string(36) "D:\programming\XAMMP\tmp\phpE84C.tmp"
    ["error"]=>
    int(0)
    ["size"]=>
    int(13064)
  }
}

2015-07-28T16:05:30+02:00 [root] E:\workbench\xiaolaba\webserver\web\dalaba\application\controllers\advertisement.php:89 dump file_path:array(4) {
  ["dirname"]=>
  string(1) "."
  ["basename"]=>
  string(8) "kobe.jpg"
  ["extension"]=>
  string(3) "jpg"
  ["filename"]=>
  string(4) "kobe"
}

2015-07-28T16:05:30+02:00 [root] E:\workbench\xiaolaba\webserver\web\dalaba\application\controllers\advertisement.php:91 dump file_path2:array(4) {
  ["dirname"]=>
  string(51) "E:\workbench\xiaolaba\webserver\web\dalaba\data\img"
  ["basename"]=>
  string(11) "advE8BA.tmp"
  ["extension"]=>
  string(3) "tmp"
  ["filename"]=>
  string(7) "advE8BA"
}

2015-07-28T16:05:30+02:00 [root] E:\workbench\xiaolaba\webserver\web\dalaba\application\controllers\advertisement.php:99 dump new_name://advE8BA.jpg
2015-07-28T16:05:30+02:00 [root] E:\workbench\xiaolaba\webserver\web\dalaba\application\controllers\advertisement.php:102 move_uploaded_file file failed
2015-07-28T16:10:36+02:00 [root] E:\workbench\xiaolaba\webserver\web\dalaba\application\controllers\user.php:27 User::login
2015-07-28T16:10:36+02:00 [root] E:\workbench\xiaolaba\webserver\web\dalaba\application\libraries\Utils.php:77 request_json = {
    "VERSION":"1.0.0",
    "REQUEST_TYPE":"LOGIN",
    "SESSION_KEY":"",
    "DATA":{
        "name":"chenyang",
        "password":"12345"
    }
}

2015-07-28T16:10:36+02:00 [root] E:\workbench\xiaolaba\webserver\web\dalaba\application\libraries\Utils.php:77 request_json = {
    "VERSION":"1.0.0",
    "REQUEST_TYPE":"LOGIN",
    "SESSION_KEY":"",
    "DATA":{
        "name":"chenyang",
        "password":"12345"
    }
}

2015-07-28T16:10:36+02:00 [root] E:\workbench\xiaolaba\webserver\web\dalaba\application\controllers\user.php:35 user_login_infor = {
    "VERSION":"1.0.0",
    "REQUEST_TYPE":"LOGIN",
    "SESSION_KEY":"",
    "DATA":{
        "name":"chenyang",
        "password":"12345"
    }
}

2015-07-28T16:10:36+02:00 [root] E:\workbench\xiaolaba\webserver\web\dalaba\application\controllers\user.php:38 dump user_infor_array:array(4) {
  ["VERSION"]=>
  string(5) "1.0.0"
  ["REQUEST_TYPE"]=>
  string(5) "LOGIN"
  ["SESSION_KEY"]=>
  string(0) ""
  ["DATA"]=>
  array(2) {
    ["name"]=>
    string(8) "chenyang"
    ["password"]=>
    string(5) "12345"
  }
}

2015-07-28T16:10:36+02:00 [root] E:\workbench\xiaolaba\webserver\web\dalaba\application\models\user_model.php:104 User_model::login
2015-07-28T16:10:36+02:00 [root] E:\workbench\xiaolaba\webserver\web\dalaba\application\models\user_model.php:114 sql = select * from user where name ='chenyang'
2015-07-28T16:10:36+02:00 [root] E:\workbench\xiaolaba\webserver\web\dalaba\application\models\user_model.php:125 res = object(mysqli_result)#43 (5) {
  ["current_field"]=>
  int(0)
  ["field_count"]=>
  int(10)
  ["lengths"]=>
  NULL
  ["num_rows"]=>
  int(1)
  ["type"]=>
  int(0)
}

2015-07-28T16:10:36+02:00 [root] E:\workbench\xiaolaba\webserver\web\dalaba\application\models\user_model.php:129 sql = select id from user where name ='chenyang' and password = '827ccb0eea8a706c4c34a16891f84e7b'
2015-07-28T16:10:36+02:00 [root] E:\workbench\xiaolaba\webserver\web\dalaba\application\models\user_model.php:142 set session[user_id] = 98
2015-07-28T16:10:36+02:00 [root] E:\workbench\xiaolaba\webserver\web\dalaba\application\models\user_model.php:145 res = object(mysqli_result)#45 (5) {
  ["current_field"]=>
  int(0)
  ["field_count"]=>
  int(1)
  ["lengths"]=>
  array(1) {
    [0]=>
    int(2)
  }
  ["num_rows"]=>
  int(1)
  ["type"]=>
  int(0)
}

2015-07-28T16:10:36+02:00 [root] E:\workbench\xiaolaba\webserver\web\dalaba\application\controllers\advertisement.php:15 Advertisement::create
2015-07-28T16:10:36+02:00 [root] E:\workbench\xiaolaba\webserver\web\dalaba\application\controllers\advertisement.php:16 array(1) {
  ["request_json"]=>
  string(339) "{
    "VERSION":"1.0.0",
    "REQUEST_TYPE":"CREATE_ADVERTISEMENT",
    "SESSION_KEY":"94e9e1bd4007c83d7ab96ecb8f2b2536",
    "DATA":{
        "image":"true",
        "type":"personal",
        "publish_position":"",
        "title" : "What a fucking day!",
        "text_content":"What a fucking day!",
        "fresh_content":""
    }
}
"
}

2015-07-28T16:10:36+02:00 [root] E:\workbench\xiaolaba\webserver\web\dalaba\application\libraries\Utils.php:77 request_json = {
    "VERSION":"1.0.0",
    "REQUEST_TYPE":"CREATE_ADVERTISEMENT",
    "SESSION_KEY":"94e9e1bd4007c83d7ab96ecb8f2b2536",
    "DATA":{
        "image":"true",
        "type":"personal",
        "publish_position":"",
        "title" : "What a fucking day!",
        "text_content":"What a fucking day!",
        "fresh_content":""
    }
}

2015-07-28T16:10:36+02:00 [root] E:\workbench\xiaolaba\webserver\web\dalaba\application\libraries\Utils.php:77 request_json = {
    "VERSION":"1.0.0",
    "REQUEST_TYPE":"CREATE_ADVERTISEMENT",
    "SESSION_KEY":"94e9e1bd4007c83d7ab96ecb8f2b2536",
    "DATA":{
        "image":"true",
        "type":"personal",
        "publish_position":"",
        "title" : "What a fucking day!",
        "text_content":"What a fucking day!",
        "fresh_content":""
    }
}

2015-07-28T16:10:36+02:00 [root] E:\workbench\xiaolaba\webserver\web\dalaba\application\controllers\advertisement.php:25 adv_infor = {
    "VERSION":"1.0.0",
    "REQUEST_TYPE":"CREATE_ADVERTISEMENT",
    "SESSION_KEY":"94e9e1bd4007c83d7ab96ecb8f2b2536",
    "DATA":{
        "image":"true",
        "type":"personal",
        "publish_position":"",
        "title" : "What a fucking day!",
        "text_content":"What a fucking day!",
        "fresh_content":""
    }
}

2015-07-28T16:10:36+02:00 [root] E:\workbench\xiaolaba\webserver\web\dalaba\application\controllers\advertisement.php:28 dump adv_infor_array:array(4) {
  ["VERSION"]=>
  string(5) "1.0.0"
  ["REQUEST_TYPE"]=>
  string(20) "CREATE_ADVERTISEMENT"
  ["SESSION_KEY"]=>
  string(32) "94e9e1bd4007c83d7ab96ecb8f2b2536"
  ["DATA"]=>
  array(6) {
    ["image"]=>
    string(4) "true"
    ["type"]=>
    string(8) "personal"
    ["publish_position"]=>
    string(0) ""
    ["title"]=>
    string(19) "What a fucking day!"
    ["text_content"]=>
    string(19) "What a fucking day!"
    ["fresh_content"]=>
    string(0) ""
  }
}

2015-07-28T16:10:36+02:00 [root] E:\workbench\xiaolaba\webserver\web\dalaba\application\controllers\advertisement.php:34 _FILES:array(1) {
  ["adv_img1"]=>
  array(5) {
    ["name"]=>
    string(8) "kobe.jpg"
    ["type"]=>
    string(24) "application/octet-stream"
    ["tmp_name"]=>
    string(36) "D:\programming\XAMMP\tmp\php92C0.tmp"
    ["error"]=>
    int(0)
    ["size"]=>
    int(13064)
  }
}

2015-07-28T16:10:36+02:00 [root] E:\workbench\xiaolaba\webserver\web\dalaba\application\controllers\advertisement.php:89 dump file_path:array(4) {
  ["dirname"]=>
  string(1) "."
  ["basename"]=>
  string(8) "kobe.jpg"
  ["extension"]=>
  string(3) "jpg"
  ["filename"]=>
  string(4) "kobe"
}

2015-07-28T16:10:36+02:00 [root] E:\workbench\xiaolaba\webserver\web\dalaba\application\controllers\advertisement.php:91 dump file_path2:array(4) {
  ["dirname"]=>
  string(51) "E:\workbench\xiaolaba\webserver\web\dalaba\data\img"
  ["basename"]=>
  string(11) "adv932E.tmp"
  ["extension"]=>
  string(3) "tmp"
  ["filename"]=>
  string(7) "adv932E"
}

2015-07-28T16:10:36+02:00 [root] E:\workbench\xiaolaba\webserver\web\dalaba\application\controllers\advertisement.php:99 dump new_name:E:/workbench/xiaolaba/webserver/web/dalaba/data/img/adv932E.jpg
2015-07-28T16:10:36+02:00 [root] E:\workbench\xiaolaba\webserver\web\dalaba\application\controllers\advertisement.php:48 adv_infor_array[DATA][image]:string(20) "data/img/adv932E.jpg"

2015-07-28T16:10:36+02:00 [root] E:\workbench\xiaolaba\webserver\web\dalaba\application\models\advertisement_model.php:14 Advertisement_model::create
2015-07-28T16:10:36+02:00 [root] E:\workbench\xiaolaba\webserver\web\dalaba\application\models\advertisement_model.php:36 sql = insert into advertisement(uid, type,publish_position, publish_time,title,text_content,fresh_content) values(98, 'personal', '','2015-07-28 16:10:36','What a fucking day!','What a fucking day!','')
2015-07-28T16:10:55+02:00 [root] E:\workbench\xiaolaba\webserver\web\dalaba\application\controllers\user.php:27 User::login
2015-07-28T16:10:55+02:00 [root] E:\workbench\xiaolaba\webserver\web\dalaba\application\libraries\Utils.php:77 request_json = {
    "VERSION":"1.0.0",
    "REQUEST_TYPE":"LOGIN",
    "SESSION_KEY":"",
    "DATA":{
        "name":"chenyang",
        "password":"12345"
    }
}

2015-07-28T16:10:55+02:00 [root] E:\workbench\xiaolaba\webserver\web\dalaba\application\libraries\Utils.php:77 request_json = {
    "VERSION":"1.0.0",
    "REQUEST_TYPE":"LOGIN",
    "SESSION_KEY":"",
    "DATA":{
        "name":"chenyang",
        "password":"12345"
    }
}

2015-07-28T16:10:55+02:00 [root] E:\workbench\xiaolaba\webserver\web\dalaba\application\controllers\user.php:35 user_login_infor = {
    "VERSION":"1.0.0",
    "REQUEST_TYPE":"LOGIN",
    "SESSION_KEY":"",
    "DATA":{
        "name":"chenyang",
        "password":"12345"
    }
}

2015-07-28T16:10:55+02:00 [root] E:\workbench\xiaolaba\webserver\web\dalaba\application\controllers\user.php:38 dump user_infor_array:array(4) {
  ["VERSION"]=>
  string(5) "1.0.0"
  ["REQUEST_TYPE"]=>
  string(5) "LOGIN"
  ["SESSION_KEY"]=>
  string(0) ""
  ["DATA"]=>
  array(2) {
    ["name"]=>
    string(8) "chenyang"
    ["password"]=>
    string(5) "12345"
  }
}

2015-07-28T16:10:55+02:00 [root] E:\workbench\xiaolaba\webserver\web\dalaba\application\models\user_model.php:104 User_model::login
2015-07-28T16:10:55+02:00 [root] E:\workbench\xiaolaba\webserver\web\dalaba\application\models\user_model.php:114 sql = select * from user where name ='chenyang'
2015-07-28T16:10:55+02:00 [root] E:\workbench\xiaolaba\webserver\web\dalaba\application\models\user_model.php:125 res = object(mysqli_result)#43 (5) {
  ["current_field"]=>
  int(0)
  ["field_count"]=>
  int(10)
  ["lengths"]=>
  NULL
  ["num_rows"]=>
  int(1)
  ["type"]=>
  int(0)
}

2015-07-28T16:10:55+02:00 [root] E:\workbench\xiaolaba\webserver\web\dalaba\application\models\user_model.php:129 sql = select id from user where name ='chenyang' and password = '827ccb0eea8a706c4c34a16891f84e7b'
2015-07-28T16:10:55+02:00 [root] E:\workbench\xiaolaba\webserver\web\dalaba\application\models\user_model.php:142 set session[user_id] = 98
2015-07-28T16:10:55+02:00 [root] E:\workbench\xiaolaba\webserver\web\dalaba\application\models\user_model.php:145 res = object(mysqli_result)#45 (5) {
  ["current_field"]=>
  int(0)
  ["field_count"]=>
  int(1)
  ["lengths"]=>
  array(1) {
    [0]=>
    int(2)
  }
  ["num_rows"]=>
  int(1)
  ["type"]=>
  int(0)
}

2015-07-28T16:10:55+02:00 [root] E:\workbench\xiaolaba\webserver\web\dalaba\application\controllers\advertisement.php:15 Advertisement::create
2015-07-28T16:10:55+02:00 [root] E:\workbench\xiaolaba\webserver\web\dalaba\application\controllers\advertisement.php:16 array(1) {
  ["request_json"]=>
  string(339) "{
    "VERSION":"1.0.0",
    "REQUEST_TYPE":"CREATE_ADVERTISEMENT",
    "SESSION_KEY":"94e9e1bd4007c83d7ab96ecb8f2b2536",
    "DATA":{
        "image":"true",
        "type":"personal",
        "publish_position":"",
        "title" : "What a fucking day!",
        "text_content":"What a fucking day!",
        "fresh_content":""
    }
}
"
}

2015-07-28T16:10:55+02:00 [root] E:\workbench\xiaolaba\webserver\web\dalaba\application\libraries\Utils.php:77 request_json = {
    "VERSION":"1.0.0",
    "REQUEST_TYPE":"CREATE_ADVERTISEMENT",
    "SESSION_KEY":"94e9e1bd4007c83d7ab96ecb8f2b2536",
    "DATA":{
        "image":"true",
        "type":"personal",
        "publish_position":"",
        "title" : "What a fucking day!",
        "text_content":"What a fucking day!",
        "fresh_content":""
    }
}

2015-07-28T16:10:55+02:00 [root] E:\workbench\xiaolaba\webserver\web\dalaba\application\libraries\Utils.php:77 request_json = {
    "VERSION":"1.0.0",
    "REQUEST_TYPE":"CREATE_ADVERTISEMENT",
    "SESSION_KEY":"94e9e1bd4007c83d7ab96ecb8f2b2536",
    "DATA":{
        "image":"true",
        "type":"personal",
        "publish_position":"",
        "title" : "What a fucking day!",
        "text_content":"What a fucking day!",
        "fresh_content":""
    }
}

2015-07-28T16:10:55+02:00 [root] E:\workbench\xiaolaba\webserver\web\dalaba\application\controllers\advertisement.php:25 adv_infor = {
    "VERSION":"1.0.0",
    "REQUEST_TYPE":"CREATE_ADVERTISEMENT",
    "SESSION_KEY":"94e9e1bd4007c83d7ab96ecb8f2b2536",
    "DATA":{
        "image":"true",
        "type":"personal",
        "publish_position":"",
        "title" : "What a fucking day!",
        "text_content":"What a fucking day!",
        "fresh_content":""
    }
}

2015-07-28T16:10:55+02:00 [root] E:\workbench\xiaolaba\webserver\web\dalaba\application\controllers\advertisement.php:28 dump adv_infor_array:array(4) {
  ["VERSION"]=>
  string(5) "1.0.0"
  ["REQUEST_TYPE"]=>
  string(20) "CREATE_ADVERTISEMENT"
  ["SESSION_KEY"]=>
  string(32) "94e9e1bd4007c83d7ab96ecb8f2b2536"
  ["DATA"]=>
  array(6) {
    ["image"]=>
    string(4) "true"
    ["type"]=>
    string(8) "personal"
    ["publish_position"]=>
    string(0) ""
    ["title"]=>
    string(19) "What a fucking day!"
    ["text_content"]=>
    string(19) "What a fucking day!"
    ["fresh_content"]=>
    string(0) ""
  }
}

2015-07-28T16:10:55+02:00 [root] E:\workbench\xiaolaba\webserver\web\dalaba\application\controllers\advertisement.php:34 _FILES:array(1) {
  ["adv_img1"]=>
  array(5) {
    ["name"]=>
    string(8) "kobe.jpg"
    ["type"]=>
    string(24) "application/octet-stream"
    ["tmp_name"]=>
    string(36) "D:\programming\XAMMP\tmp\phpDEBF.tmp"
    ["error"]=>
    int(0)
    ["size"]=>
    int(13064)
  }
}

2015-07-28T16:10:55+02:00 [root] E:\workbench\xiaolaba\webserver\web\dalaba\application\controllers\advertisement.php:89 dump file_path:array(4) {
  ["dirname"]=>
  string(1) "."
  ["basename"]=>
  string(8) "kobe.jpg"
  ["extension"]=>
  string(3) "jpg"
  ["filename"]=>
  string(4) "kobe"
}

2015-07-28T16:10:55+02:00 [root] E:\workbench\xiaolaba\webserver\web\dalaba\application\controllers\advertisement.php:91 dump file_path2:array(4) {
  ["dirname"]=>
  string(51) "E:\workbench\xiaolaba\webserver\web\dalaba\data\img"
  ["basename"]=>
  string(11) "advDF1D.tmp"
  ["extension"]=>
  string(3) "tmp"
  ["filename"]=>
  string(7) "advDF1D"
}

2015-07-28T16:10:55+02:00 [root] E:\workbench\xiaolaba\webserver\web\dalaba\application\controllers\advertisement.php:99 dump new_name:E:/workbench/xiaolaba/webserver/web/dalaba/data/img/advDF1D.jpg
2015-07-28T16:10:55+02:00 [root] E:\workbench\xiaolaba\webserver\web\dalaba\application\controllers\advertisement.php:48 adv_infor_array[DATA][image]:string(20) "data/img/advDF1D.jpg"

2015-07-28T16:10:55+02:00 [root] E:\workbench\xiaolaba\webserver\web\dalaba\application\models\advertisement_model.php:14 Advertisement_model::create
2015-07-28T16:10:55+02:00 [root] E:\workbench\xiaolaba\webserver\web\dalaba\application\models\advertisement_model.php:36 sql = insert into advertisement(uid, type,publish_position, publish_time,title,text_content,fresh_content) values(98, 'personal', '','2015-07-28 16:10:55','What a fucking day!','What a fucking day!','')
2015-07-28T16:14:15+02:00 [root] E:\workbench\xiaolaba\webserver\web\dalaba\application\controllers\user.php:27 User::login
2015-07-28T16:14:15+02:00 [root] E:\workbench\xiaolaba\webserver\web\dalaba\application\libraries\Utils.php:77 request_json = {
    "VERSION":"1.0.0",
    "REQUEST_TYPE":"LOGIN",
    "SESSION_KEY":"",
    "DATA":{
        "name":"chenyang",
        "password":"12345"
    }
}

2015-07-28T16:14:15+02:00 [root] E:\workbench\xiaolaba\webserver\web\dalaba\application\libraries\Utils.php:77 request_json = {
    "VERSION":"1.0.0",
    "REQUEST_TYPE":"LOGIN",
    "SESSION_KEY":"",
    "DATA":{
        "name":"chenyang",
        "password":"12345"
    }
}

2015-07-28T16:14:15+02:00 [root] E:\workbench\xiaolaba\webserver\web\dalaba\application\controllers\user.php:35 user_login_infor = {
    "VERSION":"1.0.0",
    "REQUEST_TYPE":"LOGIN",
    "SESSION_KEY":"",
    "DATA":{
        "name":"chenyang",
        "password":"12345"
    }
}

2015-07-28T16:14:15+02:00 [root] E:\workbench\xiaolaba\webserver\web\dalaba\application\controllers\user.php:38 dump user_infor_array:array(4) {
  ["VERSION"]=>
  string(5) "1.0.0"
  ["REQUEST_TYPE"]=>
  string(5) "LOGIN"
  ["SESSION_KEY"]=>
  string(0) ""
  ["DATA"]=>
  array(2) {
    ["name"]=>
    string(8) "chenyang"
    ["password"]=>
    string(5) "12345"
  }
}

2015-07-28T16:14:15+02:00 [root] E:\workbench\xiaolaba\webserver\web\dalaba\application\models\user_model.php:104 User_model::login
2015-07-28T16:14:15+02:00 [root] E:\workbench\xiaolaba\webserver\web\dalaba\application\models\user_model.php:114 sql = select * from user where name ='chenyang'
2015-07-28T16:14:15+02:00 [root] E:\workbench\xiaolaba\webserver\web\dalaba\application\models\user_model.php:125 res = object(mysqli_result)#43 (5) {
  ["current_field"]=>
  int(0)
  ["field_count"]=>
  int(10)
  ["lengths"]=>
  NULL
  ["num_rows"]=>
  int(1)
  ["type"]=>
  int(0)
}

2015-07-28T16:14:15+02:00 [root] E:\workbench\xiaolaba\webserver\web\dalaba\application\models\user_model.php:129 sql = select id from user where name ='chenyang' and password = '827ccb0eea8a706c4c34a16891f84e7b'
2015-07-28T16:14:15+02:00 [root] E:\workbench\xiaolaba\webserver\web\dalaba\application\models\user_model.php:142 set session[user_id] = 98
2015-07-28T16:14:15+02:00 [root] E:\workbench\xiaolaba\webserver\web\dalaba\application\models\user_model.php:145 res = object(mysqli_result)#45 (5) {
  ["current_field"]=>
  int(0)
  ["field_count"]=>
  int(1)
  ["lengths"]=>
  array(1) {
    [0]=>
    int(2)
  }
  ["num_rows"]=>
  int(1)
  ["type"]=>
  int(0)
}

2015-07-28T16:14:15+02:00 [root] E:\workbench\xiaolaba\webserver\web\dalaba\application\controllers\advertisement.php:15 Advertisement::create
2015-07-28T16:14:15+02:00 [root] E:\workbench\xiaolaba\webserver\web\dalaba\application\controllers\advertisement.php:16 array(1) {
  ["request_json"]=>
  string(339) "{
    "VERSION":"1.0.0",
    "REQUEST_TYPE":"CREATE_ADVERTISEMENT",
    "SESSION_KEY":"94e9e1bd4007c83d7ab96ecb8f2b2536",
    "DATA":{
        "image":"true",
        "type":"personal",
        "publish_position":"",
        "title" : "What a fucking day!",
        "text_content":"What a fucking day!",
        "fresh_content":""
    }
}
"
}

2015-07-28T16:14:15+02:00 [root] E:\workbench\xiaolaba\webserver\web\dalaba\application\libraries\Utils.php:77 request_json = {
    "VERSION":"1.0.0",
    "REQUEST_TYPE":"CREATE_ADVERTISEMENT",
    "SESSION_KEY":"94e9e1bd4007c83d7ab96ecb8f2b2536",
    "DATA":{
        "image":"true",
        "type":"personal",
        "publish_position":"",
        "title" : "What a fucking day!",
        "text_content":"What a fucking day!",
        "fresh_content":""
    }
}

2015-07-28T16:14:15+02:00 [root] E:\workbench\xiaolaba\webserver\web\dalaba\application\libraries\Utils.php:77 request_json = {
    "VERSION":"1.0.0",
    "REQUEST_TYPE":"CREATE_ADVERTISEMENT",
    "SESSION_KEY":"94e9e1bd4007c83d7ab96ecb8f2b2536",
    "DATA":{
        "image":"true",
        "type":"personal",
        "publish_position":"",
        "title" : "What a fucking day!",
        "text_content":"What a fucking day!",
        "fresh_content":""
    }
}

2015-07-28T16:14:15+02:00 [root] E:\workbench\xiaolaba\webserver\web\dalaba\application\controllers\advertisement.php:25 adv_infor = {
    "VERSION":"1.0.0",
    "REQUEST_TYPE":"CREATE_ADVERTISEMENT",
    "SESSION_KEY":"94e9e1bd4007c83d7ab96ecb8f2b2536",
    "DATA":{
        "image":"true",
        "type":"personal",
        "publish_position":"",
        "title" : "What a fucking day!",
        "text_content":"What a fucking day!",
        "fresh_content":""
    }
}

2015-07-28T16:14:15+02:00 [root] E:\workbench\xiaolaba\webserver\web\dalaba\application\controllers\advertisement.php:28 dump adv_infor_array:array(4) {
  ["VERSION"]=>
  string(5) "1.0.0"
  ["REQUEST_TYPE"]=>
  string(20) "CREATE_ADVERTISEMENT"
  ["SESSION_KEY"]=>
  string(32) "94e9e1bd4007c83d7ab96ecb8f2b2536"
  ["DATA"]=>
  array(6) {
    ["image"]=>
    string(4) "true"
    ["type"]=>
    string(8) "personal"
    ["publish_position"]=>
    string(0) ""
    ["title"]=>
    string(19) "What a fucking day!"
    ["text_content"]=>
    string(19) "What a fucking day!"
    ["fresh_content"]=>
    string(0) ""
  }
}

2015-07-28T16:14:15+02:00 [root] E:\workbench\xiaolaba\webserver\web\dalaba\application\controllers\advertisement.php:34 _FILES:array(1) {
  ["adv_img1"]=>
  array(5) {
    ["name"]=>
    string(8) "kobe.jpg"
    ["type"]=>
    string(24) "application/octet-stream"
    ["tmp_name"]=>
    string(36) "D:\programming\XAMMP\tmp\phpEB6E.tmp"
    ["error"]=>
    int(0)
    ["size"]=>
    int(13064)
  }
}

2015-07-28T16:14:15+02:00 [root] E:\workbench\xiaolaba\webserver\web\dalaba\application\controllers\advertisement.php:90 dump file_path:array(4) {
  ["dirname"]=>
  string(1) "."
  ["basename"]=>
  string(8) "kobe.jpg"
  ["extension"]=>
  string(3) "jpg"
  ["filename"]=>
  string(4) "kobe"
}

2015-07-28T16:14:15+02:00 [root] E:\workbench\xiaolaba\webserver\web\dalaba\application\controllers\advertisement.php:92 dump file_path2:array(4) {
  ["dirname"]=>
  string(51) "E:\workbench\xiaolaba\webserver\web\dalaba\data\img"
  ["basename"]=>
  string(11) "advEBCC.tmp"
  ["extension"]=>
  string(3) "tmp"
  ["filename"]=>
  string(7) "advEBCC"
}

2015-07-28T16:14:15+02:00 [root] E:\workbench\xiaolaba\webserver\web\dalaba\application\controllers\advertisement.php:100 dump new_name:E:/workbench/xiaolaba/webserver/web/dalaba/data/img/advEBCC.jpg
2015-07-28T16:14:15+02:00 [root] E:\workbench\xiaolaba\webserver\web\dalaba\application\controllers\advertisement.php:49 adv_infor_array[DATA][image]:string(20) "data/img/advEBCC.jpg"

2015-07-28T16:14:15+02:00 [root] E:\workbench\xiaolaba\webserver\web\dalaba\application\models\advertisement_model.php:14 Advertisement_model::create
2015-07-28T16:14:15+02:00 [root] E:\workbench\xiaolaba\webserver\web\dalaba\application\models\advertisement_model.php:37 sql = insert into advertisement(uid, type,publish_position, publish_time,title,text_content,image, fresh_content) values(98, 'personal', '','2015-07-28 16:14:15','What a fucking day!','What a fucking day!','data/img/advEBCC.jpg','')
2015-07-28T16:14:28+02:00 [root] E:\workbench\xiaolaba\webserver\web\dalaba\application\controllers\user.php:27 User::login
2015-07-28T16:14:28+02:00 [root] E:\workbench\xiaolaba\webserver\web\dalaba\application\libraries\Utils.php:77 request_json = {
    "VERSION":"1.0.0",
    "REQUEST_TYPE":"LOGIN",
    "SESSION_KEY":"",
    "DATA":{
        "name":"chenyang",
        "password":"12345"
    }
}

2015-07-28T16:14:28+02:00 [root] E:\workbench\xiaolaba\webserver\web\dalaba\application\libraries\Utils.php:77 request_json = {
    "VERSION":"1.0.0",
    "REQUEST_TYPE":"LOGIN",
    "SESSION_KEY":"",
    "DATA":{
        "name":"chenyang",
        "password":"12345"
    }
}

2015-07-28T16:14:28+02:00 [root] E:\workbench\xiaolaba\webserver\web\dalaba\application\controllers\user.php:35 user_login_infor = {
    "VERSION":"1.0.0",
    "REQUEST_TYPE":"LOGIN",
    "SESSION_KEY":"",
    "DATA":{
        "name":"chenyang",
        "password":"12345"
    }
}

2015-07-28T16:14:28+02:00 [root] E:\workbench\xiaolaba\webserver\web\dalaba\application\controllers\user.php:38 dump user_infor_array:array(4) {
  ["VERSION"]=>
  string(5) "1.0.0"
  ["REQUEST_TYPE"]=>
  string(5) "LOGIN"
  ["SESSION_KEY"]=>
  string(0) ""
  ["DATA"]=>
  array(2) {
    ["name"]=>
    string(8) "chenyang"
    ["password"]=>
    string(5) "12345"
  }
}

2015-07-28T16:14:28+02:00 [root] E:\workbench\xiaolaba\webserver\web\dalaba\application\models\user_model.php:104 User_model::login
2015-07-28T16:14:28+02:00 [root] E:\workbench\xiaolaba\webserver\web\dalaba\application\models\user_model.php:114 sql = select * from user where name ='chenyang'
2015-07-28T16:14:28+02:00 [root] E:\workbench\xiaolaba\webserver\web\dalaba\application\models\user_model.php:125 res = object(mysqli_result)#43 (5) {
  ["current_field"]=>
  int(0)
  ["field_count"]=>
  int(10)
  ["lengths"]=>
  NULL
  ["num_rows"]=>
  int(1)
  ["type"]=>
  int(0)
}

2015-07-28T16:14:28+02:00 [root] E:\workbench\xiaolaba\webserver\web\dalaba\application\models\user_model.php:129 sql = select id from user where name ='chenyang' and password = '827ccb0eea8a706c4c34a16891f84e7b'
2015-07-28T16:14:28+02:00 [root] E:\workbench\xiaolaba\webserver\web\dalaba\application\models\user_model.php:142 set session[user_id] = 98
2015-07-28T16:14:28+02:00 [root] E:\workbench\xiaolaba\webserver\web\dalaba\application\models\user_model.php:145 res = object(mysqli_result)#45 (5) {
  ["current_field"]=>
  int(0)
  ["field_count"]=>
  int(1)
  ["lengths"]=>
  array(1) {
    [0]=>
    int(2)
  }
  ["num_rows"]=>
  int(1)
  ["type"]=>
  int(0)
}

2015-07-28T16:14:28+02:00 [root] E:\workbench\xiaolaba\webserver\web\dalaba\application\controllers\advertisement.php:15 Advertisement::create
2015-07-28T16:14:28+02:00 [root] E:\workbench\xiaolaba\webserver\web\dalaba\application\controllers\advertisement.php:16 array(1) {
  ["request_json"]=>
  string(339) "{
    "VERSION":"1.0.0",
    "REQUEST_TYPE":"CREATE_ADVERTISEMENT",
    "SESSION_KEY":"94e9e1bd4007c83d7ab96ecb8f2b2536",
    "DATA":{
        "image":"true",
        "type":"personal",
        "publish_position":"",
        "title" : "What a fucking day!",
        "text_content":"What a fucking day!",
        "fresh_content":""
    }
}
"
}

2015-07-28T16:14:28+02:00 [root] E:\workbench\xiaolaba\webserver\web\dalaba\application\libraries\Utils.php:77 request_json = {
    "VERSION":"1.0.0",
    "REQUEST_TYPE":"CREATE_ADVERTISEMENT",
    "SESSION_KEY":"94e9e1bd4007c83d7ab96ecb8f2b2536",
    "DATA":{
        "image":"true",
        "type":"personal",
        "publish_position":"",
        "title" : "What a fucking day!",
        "text_content":"What a fucking day!",
        "fresh_content":""
    }
}

2015-07-28T16:14:28+02:00 [root] E:\workbench\xiaolaba\webserver\web\dalaba\application\libraries\Utils.php:77 request_json = {
    "VERSION":"1.0.0",
    "REQUEST_TYPE":"CREATE_ADVERTISEMENT",
    "SESSION_KEY":"94e9e1bd4007c83d7ab96ecb8f2b2536",
    "DATA":{
        "image":"true",
        "type":"personal",
        "publish_position":"",
        "title" : "What a fucking day!",
        "text_content":"What a fucking day!",
        "fresh_content":""
    }
}

2015-07-28T16:14:28+02:00 [root] E:\workbench\xiaolaba\webserver\web\dalaba\application\controllers\advertisement.php:25 adv_infor = {
    "VERSION":"1.0.0",
    "REQUEST_TYPE":"CREATE_ADVERTISEMENT",
    "SESSION_KEY":"94e9e1bd4007c83d7ab96ecb8f2b2536",
    "DATA":{
        "image":"true",
        "type":"personal",
        "publish_position":"",
        "title" : "What a fucking day!",
        "text_content":"What a fucking day!",
        "fresh_content":""
    }
}

2015-07-28T16:14:28+02:00 [root] E:\workbench\xiaolaba\webserver\web\dalaba\application\controllers\advertisement.php:28 dump adv_infor_array:array(4) {
  ["VERSION"]=>
  string(5) "1.0.0"
  ["REQUEST_TYPE"]=>
  string(20) "CREATE_ADVERTISEMENT"
  ["SESSION_KEY"]=>
  string(32) "94e9e1bd4007c83d7ab96ecb8f2b2536"
  ["DATA"]=>
  array(6) {
    ["image"]=>
    string(4) "true"
    ["type"]=>
    string(8) "personal"
    ["publish_position"]=>
    string(0) ""
    ["title"]=>
    string(19) "What a fucking day!"
    ["text_content"]=>
    string(19) "What a fucking day!"
    ["fresh_content"]=>
    string(0) ""
  }
}

2015-07-28T16:14:28+02:00 [root] E:\workbench\xiaolaba\webserver\web\dalaba\application\controllers\advertisement.php:34 _FILES:array(1) {
  ["adv_img1"]=>
  array(5) {
    ["name"]=>
    string(8) "kobe.jpg"
    ["type"]=>
    string(24) "application/octet-stream"
    ["tmp_name"]=>
    string(36) "D:\programming\XAMMP\tmp\php1C11.tmp"
    ["error"]=>
    int(0)
    ["size"]=>
    int(13064)
  }
}

2015-07-28T16:14:28+02:00 [root] E:\workbench\xiaolaba\webserver\web\dalaba\application\controllers\advertisement.php:90 dump file_path:array(4) {
  ["dirname"]=>
  string(1) "."
  ["basename"]=>
  string(8) "kobe.jpg"
  ["extension"]=>
  string(3) "jpg"
  ["filename"]=>
  string(4) "kobe"
}

2015-07-28T16:14:28+02:00 [root] E:\workbench\xiaolaba\webserver\web\dalaba\application\controllers\advertisement.php:92 dump file_path2:array(4) {
  ["dirname"]=>
  string(51) "E:\workbench\xiaolaba\webserver\web\dalaba\data\img"
  ["basename"]=>
  string(11) "adv1C7F.tmp"
  ["extension"]=>
  string(3) "tmp"
  ["filename"]=>
  string(7) "adv1C7F"
}

2015-07-28T16:14:28+02:00 [root] E:\workbench\xiaolaba\webserver\web\dalaba\application\controllers\advertisement.php:100 dump new_name:E:/workbench/xiaolaba/webserver/web/dalaba/data/img/adv1C7F.jpg
2015-07-28T16:14:28+02:00 [root] E:\workbench\xiaolaba\webserver\web\dalaba\application\controllers\advertisement.php:49 adv_infor_array[DATA][image]:string(20) "data/img/adv1C7F.jpg"

2015-07-28T16:14:28+02:00 [root] E:\workbench\xiaolaba\webserver\web\dalaba\application\models\advertisement_model.php:14 Advertisement_model::create
2015-07-28T16:14:28+02:00 [root] E:\workbench\xiaolaba\webserver\web\dalaba\application\models\advertisement_model.php:37 sql = insert into advertisement(uid, type,publish_position, publish_time,title,text_content,image, fresh_content) values(98, 'personal', '','2015-07-28 16:14:28','What a fucking day!','What a fucking day!','data/img/adv1C7F.jpg','')
